<?xml version="1.0" encoding="UTF-8"?>
<testng-results skipped="0" failed="0" ignored="0" total="1" passed="1">
  <reporter-output>
  </reporter-output>
  <suite name="Default suite" duration-ms="1587" started-at="2018-12-22T01:33:11Z" finished-at="2018-12-22T01:33:13Z">
    <groups>
    </groups>
    <test name="Default test" duration-ms="1587" started-at="2018-12-22T01:33:11Z" finished-at="2018-12-22T01:33:13Z">
      <class name="sample.JDBITest">
        <test-method status="PASS" signature="test01()[pri:0, instance:sample.JDBITest@3d0f8e03]" name="test01" duration-ms="1515" started-at="2018-12-22T01:33:11Z" finished-at="2018-12-22T01:33:13Z">
          <reporter-output>
          </reporter-output>
        </test-method> <!-- test01 -->
      </class> <!-- sample.JDBITest -->
    </test> <!-- Default test -->
  </suite> <!-- Default suite -->
</testng-results>
